0 info it worked if it ends with ok
1 verbose cli [ 'node',
1 verbose cli   '/usr/local/bin/npm',
1 verbose cli   'install',
1 verbose cli   '--global',
1 verbose cli   'generator-angular' ]
2 info using npm@1.4.9
3 info using node@v0.10.28
4 verbose cache add [ 'generator-angular', null ]
5 verbose cache add name=undefined spec="generator-angular" args=["generator-angular",null]
6 verbose parsed url { protocol: null,
6 verbose parsed url   slashes: null,
6 verbose parsed url   auth: null,
6 verbose parsed url   host: null,
6 verbose parsed url   port: null,
6 verbose parsed url   hostname: null,
6 verbose parsed url   hash: null,
6 verbose parsed url   search: null,
6 verbose parsed url   query: null,
6 verbose parsed url   pathname: 'generator-angular',
6 verbose parsed url   path: 'generator-angular',
6 verbose parsed url   href: 'generator-angular' }
7 silly lockFile 458e0b50-generator-angular generator-angular
8 verbose lock generator-angular /Users/saggarwal/.npm/458e0b50-generator-angular.lock
9 silly lockFile 458e0b50-generator-angular generator-angular
10 silly lockFile 458e0b50-generator-angular generator-angular
11 verbose addNamed [ 'generator-angular', '' ]
12 verbose addNamed [ null, '*' ]
13 silly lockFile 0345f598-generator-angular generator-angular@
14 verbose lock generator-angular@ /Users/saggarwal/.npm/0345f598-generator-angular.lock
15 silly addNameRange { name: 'generator-angular', range: '*', hasData: false }
16 verbose url raw generator-angular
17 verbose url resolving [ 'https://registry.npmjs.org/', './generator-angular' ]
18 verbose url resolved https://registry.npmjs.org/generator-angular
19 info trying registry request attempt 1 at 23:17:10
20 http GET https://registry.npmjs.org/generator-angular
21 info retry will retry, error on last attempt: Error: tunneling socket could not be established, cause=getaddrinfo ENOTFOUND
22 info trying registry request attempt 2 at 23:17:22
23 http GET https://registry.npmjs.org/generator-angular
24 info retry will retry, error on last attempt: Error: tunneling socket could not be established, cause=getaddrinfo ENOTFOUND
25 info trying registry request attempt 3 at 23:18:22
26 http GET https://registry.npmjs.org/generator-angular
27 silly lockFile 0345f598-generator-angular generator-angular@
28 silly lockFile 0345f598-generator-angular generator-angular@
29 error network tunneling socket could not be established, cause=getaddrinfo ENOTFOUND
29 error network This is most likely not a problem with npm itself
29 error network and is related to network connectivity.
29 error network In most cases you are behind a proxy or have bad network settings.
29 error network
29 error network If you are behind a proxy, please make sure that the
29 error network 'proxy' config is set properly.  See: 'npm help config'
30 error System Darwin 13.3.0
31 error command "node" "/usr/local/bin/npm" "install" "--global" "generator-angular"
32 error cwd /Users/saggarwal/Desktop/crowdsource-des
33 error node -v v0.10.28
34 error npm -v 1.4.9
35 error code ECONNRESET
36 verbose exit [ 1, true ]
